<?xml version="1.0" encoding="UTF-8"?>
<testng-results ignored="0" total="3" passed="2" failed="1" skipped="0">
  <reporter-output>
  </reporter-output>
  <suite started-at="2023-04-15T01:51:22Z" name="Default suite" finished-at="2023-04-15T01:51:48Z" duration-ms="25818">
    <groups>
    </groups>
    <test started-at="2023-04-15T01:51:22Z" name="Default test" finished-at="2023-04-15T01:51:48Z" duration-ms="25818">
      <class name="com.aiite.pageexecution.HomePageExecution">
        <test-method is-config="true" signature="beforeClass()[pri:0, instance:com.aiite.pageexecution.HomePageExecution@1a72a540]" started-at="2023-04-15T07:21:22Z" name="beforeClass" finished-at="2023-04-15T07:21:22Z" duration-ms="13" status="PASS">
          <reporter-output>
          </reporter-output>
        </test-method> <!-- beforeClass -->
        <test-method is-config="true" signature="beforeMethod()[pri:0, instance:com.aiite.pageexecution.HomePageExecution@1a72a540]" started-at="2023-04-15T07:21:22Z" name="beforeMethod" finished-at="2023-04-15T07:21:25Z" duration-ms="2109" status="PASS">
          <reporter-output>
          </reporter-output>
        </test-method> <!-- beforeMethod -->
        <test-method signature="tvSearch()[pri:-1, instance:com.aiite.pageexecution.HomePageExecution@1a72a540]" started-at="2023-04-15T07:21:25Z" name="tvSearch" finished-at="2023-04-15T07:21:30Z" duration-ms="5959" status="PASS">
          <reporter-output>
          </reporter-output>
        </test-method> <!-- tvSearch -->
        <test-method is-config="true" signature="afterMethod()[pri:0, instance:com.aiite.pageexecution.HomePageExecution@1a72a540]" started-at="2023-04-15T07:21:30Z" name="afterMethod" finished-at="2023-04-15T07:21:31Z" duration-ms="353" status="PASS">
          <reporter-output>
          </reporter-output>
        </test-method> <!-- afterMethod -->
        <test-method is-config="true" signature="beforeMethod()[pri:0, instance:com.aiite.pageexecution.HomePageExecution@1a72a540]" started-at="2023-04-15T07:21:31Z" name="beforeMethod" finished-at="2023-04-15T07:21:32Z" duration-ms="1369" status="PASS">
          <reporter-output>
          </reporter-output>
        </test-method> <!-- beforeMethod -->
        <test-method signature="mobileSearch()[pri:0, instance:com.aiite.pageexecution.HomePageExecution@1a72a540]" started-at="2023-04-15T07:21:32Z" name="mobileSearch" finished-at="2023-04-15T07:21:39Z" duration-ms="6519" status="FAIL">
          <exception class="java.lang.AssertionError">
            <message>
              <![CDATA[expected [true] but found [false]]]>
            </message>
            <full-stacktrace>
              <![CDATA[java.lang.AssertionError: expected [true] but found [false]
	at org.testng.Assert.fail(Assert.java:94)
	at org.testng.Assert.failNotEquals(Assert.java:513)
	at org.testng.Assert.assertTrue(Assert.java:42)
	at org.testng.Assert.assertTrue(Assert.java:52)
	at com.aiite.pageexecution.HomePageExecution.mobileSearch(HomePageExecution.java:51)
	at java.base/jdk.internal.reflect.NativeMethodAccessorImpl.invoke0(Native Method)
	at java.base/jdk.internal.reflect.NativeMethodAccessorImpl.invoke(NativeMethodAccessorImpl.java:78)
	at java.base/jdk.internal.reflect.DelegatingMethodAccessorImpl.invoke(DelegatingMethodAccessorImpl.java:43)
	at java.base/java.lang.reflect.Method.invoke(Method.java:567)
	at org.testng.internal.MethodInvocationHelper.invokeMethod(MethodInvocationHelper.java:104)
	at org.testng.internal.Invoker.invokeMethod(Invoker.java:645)
	at org.testng.internal.Invoker.invokeTestMethod(Invoker.java:851)
	at org.testng.internal.Invoker.invokeTestMethods(Invoker.java:1177)
	at org.testng.internal.TestMethodWorker.invokeTestMethods(TestMethodWorker.java:129)
	at org.testng.internal.TestMethodWorker.run(TestMethodWorker.java:112)
	at org.testng.TestRunner.privateRun(TestRunner.java:756)
	at org.testng.TestRunner.run(TestRunner.java:610)
	at org.testng.SuiteRunner.runTest(SuiteRunner.java:387)
	at org.testng.SuiteRunner.runSequentially(SuiteRunner.java:382)
	at org.testng.SuiteRunner.privateRun(SuiteRunner.java:340)
	at org.testng.SuiteRunner.run(SuiteRunner.java:289)
	at org.testng.SuiteRunnerWorker.runSuite(SuiteRunnerWorker.java:52)
	at org.testng.SuiteRunnerWorker.run(SuiteRunnerWorker.java:86)
	at org.testng.TestNG.runSuitesSequentially(TestNG.java:1293)
	at org.testng.TestNG.runSuitesLocally(TestNG.java:1218)
	at org.testng.TestNG.runSuites(TestNG.java:1133)
	at org.testng.TestNG.run(TestNG.java:1104)
	at org.testng.remote.AbstractRemoteTestNG.run(AbstractRemoteTestNG.java:115)
	at org.testng.remote.RemoteTestNG.initAndRun(RemoteTestNG.java:251)
	at org.testng.remote.RemoteTestNG.main(RemoteTestNG.java:77)
]]>
            </full-stacktrace>
          </exception> <!-- java.lang.AssertionError -->
          <reporter-output>
          </reporter-output>
        </test-method> <!-- mobileSearch -->
        <test-method is-config="true" signature="afterMethod()[pri:0, instance:com.aiite.pageexecution.HomePageExecution@1a72a540]" started-at="2023-04-15T07:21:39Z" name="afterMethod" finished-at="2023-04-15T07:21:39Z" duration-ms="237" status="PASS">
          <reporter-output>
          </reporter-output>
        </test-method> <!-- afterMethod -->
        <test-method is-config="true" signature="beforeMethod()[pri:0, instance:com.aiite.pageexecution.HomePageExecution@1a72a540]" started-at="2023-04-15T07:21:39Z" name="beforeMethod" finished-at="2023-04-15T07:21:40Z" duration-ms="1375" status="PASS">
          <reporter-output>
          </reporter-output>
        </test-method> <!-- beforeMethod -->
        <test-method signature="laptopSearch()[pri:-1, instance:com.aiite.pageexecution.HomePageExecution@1a72a540]" started-at="2023-04-15T07:21:40Z" name="laptopSearch" finished-at="2023-04-15T07:21:48Z" depends-on-methods="com.aiite.pageexecution.HomePageExecution.mobileSearch" duration-ms="7367" status="PASS">
          <reporter-output>
          </reporter-output>
        </test-method> <!-- laptopSearch -->
        <test-method is-config="true" signature="afterMethod()[pri:0, instance:com.aiite.pageexecution.HomePageExecution@1a72a540]" started-at="2023-04-15T07:21:48Z" name="afterMethod" finished-at="2023-04-15T07:21:48Z" duration-ms="485" status="PASS">
          <reporter-output>
          </reporter-output>
        </test-method> <!-- afterMethod -->
        <test-method is-config="true" signature="afterClass()[pri:0, instance:com.aiite.pageexecution.HomePageExecution@1a72a540]" started-at="2023-04-15T07:21:48Z" name="afterClass" finished-at="2023-04-15T07:21:48Z" duration-ms="0" status="PASS">
          <reporter-output>
          </reporter-output>
        </test-method> <!-- afterClass -->
      </class> <!-- com.aiite.pageexecution.HomePageExecution -->
    </test> <!-- Default test -->
  </suite> <!-- Default suite -->
</testng-results>
